# JRE version: OpenJDK Runtime Environment Temurin-21.0.7+6 (21.0.7+6) (build 21.0.7+6-LTS)
# Java VM: OpenJDK 64-Bit Server VM Temurin-21.0.7+6 (21.0.7+6-LTS, mixed mode, sharing, tiered, compressed oops, compressed class ptrs, g1 gc, windows-amd64)
GC Precious Log:
 CardTable entry size: 512
 Card Set container configuration: InlinePtr #cards 5 size 8 Array Of Cards #cards 12 size 40 Howl #buckets 4 coarsen threshold 1843 Howl Bitmap #cards 512 size 80 coarsen threshold 460 Card regions per heap region 1 cards per card region 2048
 CPUs: 4 total, 4 available
 Memory: 3783M
 Large Page Support: Disabled
 NUMA Support: Disabled
 Compressed Oops: Enabled (32-bit)
 Heap Region Size: 1M
 Heap Min Capacity: 8M
 Heap Initial Capacity: 60M
 Heap Max Capacity: 946M
 Pre-touch: Disabled
 Parallel Workers: 4
 Concurrent Workers: 1
 Concurrent Refinement Workers: 4
 Periodic GC: Disabled
Heap:
 garbage-first heap   total 54272K, used 38608K [0x00000000c4e00000, 0x0000000100000000)
  region size 1024K, 20 young (20480K), 3 survivors (3072K)
 Metaspace       used 48481K, committed 49088K, reserved 1114112K
  class space    used 6227K, committed 6528K, reserved 1048576K
GC Heap History (20 events):
Event: 2.568 GC heap before
{Heap before GC invocations=0 (full 0):
 garbage-first heap   total 61440K, used 15360K [0x00000000c4e00000, 0x0000000100000000)
  region size 1024K, 13 young (13312K), 0 survivors (0K)
 Metaspace       used 4744K, committed 4928K, reserved 1114112K
  class space    used 540K, committed 576K, reserved 1048576K
}
Event: 2.577 GC heap after
{Heap after GC invocations=1 (full 0):
 garbage-first heap   total 61440K, used 6664K [0x00000000c4e00000, 0x0000000100000000)
  region size 1024K, 2 young (2048K), 2 survivors (2048K)
 Metaspace       used 4744K, committed 4928K, reserved 1114112K
  class space    used 540K, committed 576K, reserved 1048576K
}
Event: 4.852 GC heap before
{Heap before GC invocations=1 (full 0):
 garbage-first heap   total 61440K, used 19976K [0x00000000c4e00000, 0x0000000100000000)
  region size 1024K, 16 young (16384K), 2 survivors (2048K)
 Metaspace       used 7789K, committed 8064K, reserved 1114112K
  class space    used 958K, committed 1088K, reserved 1048576K
}
Event: 4.858 GC heap after
{Heap after GC invocations=2 (full 0):
 garbage-first heap   total 61440K, used 8678K [0x00000000c4e00000, 0x0000000100000000)
  region size 1024K, 2 young (2048K), 2 survivors (2048K)
 Metaspace       used 7789K, committed 8064K, reserved 1114112K
  class space    used 958K, committed 1088K, reserved 1048576K
}
Event: 9.403 GC heap before
{Heap before GC invocations=2 (full 0):
 garbage-first heap   total 61440K, used 38374K [0x00000000c4e00000, 0x0000000100000000)
  region size 1024K, 32 young (32768K), 2 survivors (2048K)
 Metaspace       used 15539K, committed 15872K, reserved 1114112K
  class space    used 2064K, committed 2240K, reserved 1048576K
}
Event: 9.415 GC heap after
{Heap after GC invocations=3 (full 0):
 garbage-first heap   total 61440K, used 11054K [0x00000000c4e00000, 0x0000000100000000)
  region size 1024K, 4 young (4096K), 4 survivors (4096K)
 Metaspace       used 15539K, committed 15872K, reserved 1114112K
  class space    used 2064K, committed 2240K, reserved 1048576K
}
Event: 12.228 GC heap before
{Heap before GC invocations=3 (full 0):
 garbage-first heap   total 61440K, used 31534K [0x00000000c4e00000, 0x0000000100000000)
  region size 1024K, 26 young (26624K), 4 survivors (4096K)
 Metaspace       used 21141K, committed 21504K, reserved 1114112K
  class space    used 2691K, committed 2880K, reserved 1048576K
}
Event: 12.242 GC heap after
{Heap after GC invocations=4 (full 0):
 garbage-first heap   total 61440K, used 12577K [0x00000000c4e00000, 0x0000000100000000)
  region size 1024K, 4 young (4096K), 4 survivors (4096K)
 Metaspace       used 21141K, committed 21504K, reserved 1114112K
  class space    used 2691K, committed 2880K, reserved 1048576K
}
Event: 16.502 GC heap before
{Heap before GC invocations=5 (full 0):
 garbage-first heap   total 45056K, used 34081K [0x00000000c4e00000, 0x0000000100000000)
  region size 1024K, 26 young (26624K), 4 survivors (4096K)
 Metaspace       used 24191K, committed 24576K, reserved 1114112K
  class space    used 3059K, committed 3264K, reserved 1048576K
}
Event: 16.570 GC heap after
{Heap after GC invocations=6 (full 0):
 garbage-first heap   total 45056K, used 15553K [0x00000000c4e00000, 0x0000000100000000)
  region size 1024K, 4 young (4096K), 4 survivors (4096K)
 Metaspace       used 24191K, committed 24576K, reserved 1114112K
  class space    used 3059K, committed 3264K, reserved 1048576K
}
Event: 25.096 GC heap before
{Heap before GC invocations=6 (full 0):
 garbage-first heap   total 45056K, used 35009K [0x00000000c4e00000, 0x0000000100000000)
  region size 1024K, 23 young (23552K), 4 survivors (4096K)
 Metaspace       used 27077K, committed 27456K, reserved 1114112K
  class space    used 3445K, committed 3648K, reserved 1048576K
}
Event: 25.133 GC heap after
{Heap after GC invocations=7 (full 0):
 garbage-first heap   total 45056K, used 17268K [0x00000000c4e00000, 0x0000000100000000)
  region size 1024K, 2 young (2048K), 2 survivors (2048K)
 Metaspace       used 27077K, committed 27456K, reserved 1114112K
  class space    used 3445K, committed 3648K, reserved 1048576K
}
Event: 29.680 GC heap before
{Heap before GC invocations=7 (full 0):
 garbage-first heap   total 45056K, used 36724K [0x00000000c4e00000, 0x0000000100000000)
  region size 1024K, 21 young (21504K), 2 survivors (2048K)
 Metaspace       used 30691K, committed 31168K, reserved 1114112K
  class space    used 3956K, committed 4160K, reserved 1048576K
}
Event: 29.753 GC heap after
{Heap after GC invocations=8 (full 0):
 garbage-first heap   total 45056K, used 19119K [0x00000000c4e00000, 0x0000000100000000)
  region size 1024K, 3 young (3072K), 3 survivors (3072K)
 Metaspace       used 30691K, committed 31168K, reserved 1114112K
  class space    used 3956K, committed 4160K, reserved 1048576K
}
Event: 35.145 GC heap before
{Heap before GC invocations=8 (full 0):
 garbage-first heap   total 45056K, used 36527K [0x00000000c4e00000, 0x0000000100000000)
  region size 1024K, 21 young (21504K), 3 survivors (3072K)
 Metaspace       used 34798K, committed 35392K, reserved 1114112K
  class space    used 4421K, committed 4672K, reserved 1048576K
}
Event: 35.210 GC heap after
{Heap after GC invocations=9 (full 0):
 garbage-first heap   total 45056K, used 21245K [0x00000000c4e00000, 0x0000000100000000)
  region size 1024K, 2 young (2048K), 2 survivors (2048K)
 Metaspace       used 34798K, committed 35392K, reserved 1114112K
  class space    used 4421K, committed 4672K, reserved 1048576K
}
Event: 36.340 GC heap before
{Heap before GC invocations=9 (full 0):
 garbage-first heap   total 45056K, used 26365K [0x00000000c4e00000, 0x0000000100000000)
  region size 1024K, 8 young (8192K), 2 survivors (2048K)
 Metaspace       used 35442K, committed 35968K, reserved 1114112K
  class space    used 4511K, committed 4736K, reserved 1048576K
}
Event: 36.403 GC heap after
{Heap after GC invocations=10 (full 0):
 garbage-first heap   total 54272K, used 21963K [0x00000000c4e00000, 0x0000000100000000)
  region size 1024K, 1 young (1024K), 1 survivors (1024K)
 Metaspace       used 35442K, committed 35968K, reserved 1114112K
  class space    used 4511K, committed 4736K, reserved 1048576K
}
Event: 38.432 GC heap before
{Heap before GC invocations=11 (full 0):
 garbage-first heap   total 54272K, used 44491K [0x00000000c4e00000, 0x0000000100000000)
  region size 1024K, 24 young (24576K), 1 survivors (1024K)
 Metaspace       used 41008K, committed 41600K, reserved 1114112K
  class space    used 5347K, committed 5632K, reserved 1048576K
}
Event: 38.436 GC heap after
{Heap after GC invocations=12 (full 0):
 garbage-first heap   total 54272K, used 23248K [0x00000000c4e00000, 0x0000000100000000)
  region size 1024K, 3 young (3072K), 3 survivors (3072K)
 Metaspace       used 41008K, committed 41600K, reserved 1114112K
  class space    used 5347K, committed 5632K, reserved 1048576K
}

